[(33, 'Matheus Henrique Pinter Maciel', 'Administrativo', 'Analista de Sistemas', '03/2023')]
Matheus Henrique Pinter Maciel 03/2023
Matheus Henrique Pinter Maciel 03/2023
Matheus Henrique Pinter Maciel 03/2023
Matheus Henrique Pinter Maciel 03/2023
Matheus Henrique Pinter Maciel 03/2023
Matheus Henrique Pinter Maciel 03/2023
[(21, 'Matheus Henrique Pinter Maciel', '000', 'Macrofrio', 'Administrativo', 'Analista de Sistemas', '0', '2512.50', '0')]
[(33, 'Matheus Henrique Pinter Maciel', 'Administrativo', 'Analista de Sistemas', '03/2023')]
Chamando a função btn_save
Conexão com o banco de dados estabelecida com sucesso!
[(34, 'Matheus Henrique Pinter Maciel', 'Administrativo', 'Analista de Sistemas', '01/2023'), (33, 'Matheus Henrique Pinter Maciel', 'Administrativo', 'Analista de Sistemas', '03/2023')]
Matheus Henrique Pinter Maciel 01/2023
Matheus Henrique Pinter Maciel 01/2023
Conexão com o banco de dados estabelecida com sucesso! show_selectedeleteCompetencia
34
[(33, 'Matheus Henrique Pinter Maciel', 'Administrativo', 'Analista de Sistemas', '03/2023')]
Conexão com o banco de dados estabelecida com sucesso! show_selectedeleteCompetencia
33
[]
